Discrepancy Report Results

Summary
FATAL: MISSING_PROTEIN_ID:9 proteins have invalid IDs.
DISC_SOURCE_QUALS_ASNDISC:strain (all present, all unique)
DISC_SOURCE_QUALS_ASNDISC:taxname (all present, all unique)
DISC_FEATURE_COUNT:CDS: 9 present
DISC_COUNT_NUCLEOTIDES:1 nucleotide Bioseqs are present
FEATURE_LOCATION_CONFLICT:9 features have inconsistent gene locations.
DISC_QUALITY_SCORES:Quality scores are missing on all sequences.
ONCALLER_COMMENT_PRESENT:1 comment descriptors were found (all same)
MISSING_GENOMEASSEMBLY_COMMENTS:1 bioseqs are missing GenomeAssembly structured comments
MOLTYPE_NOT_MRNA:1 molecule types are not set as mRNA.
TECHNIQUE_NOT_TSA:1 technique are not set as TSA
MISSING_STRUCTURED_COMMENT:1 sequences do not include structured comments.
MISSING_PROJECT:10 sequences do not include project.
DISC_INCONSISTENT_MOLINFO_TECH:Molinfo Technique Report (some missing, all same)
SEQ_ID_PHRASES:Sequence Ids contain unacceptable phrases (cov_, length, node, paired, or trimmed)


Detailed Report

FATAL: DiscRep_ALL:MISSING_PROTEIN_ID::9 proteins have invalid IDs.
PROKKA_10032023/PROKKA_10032023:NODE_1_length_29907_cov_150.822528_1 (length 419)
PROKKA_10032023/PROKKA_10032023:NODE_1_length_29907_cov_150.822528_2 (length 121)
PROKKA_10032023/PROKKA_10032023:NODE_1_length_29907_cov_150.822528_3 (length 121)
PROKKA_10032023/PROKKA_10032023:NODE_1_length_29907_cov_150.822528_4 (length 61)
PROKKA_10032023/PROKKA_10032023:NODE_1_length_29907_cov_150.822528_5 (length 222)
PROKKA_10032023/PROKKA_10032023:NODE_1_length_29907_cov_150.822528_6 (length 275)
PROKKA_10032023/PROKKA_10032023:NODE_1_length_29907_cov_150.822528_7 (length 1273)
PROKKA_10032023/PROKKA_10032023:NODE_1_length_29907_cov_150.822528_8 (length 2595)
PROKKA_10032023/PROKKA_10032023:NODE_1_length_29907_cov_150.822528_9 (length 4405)

DiscRep_ALL:DISC_SOURCE_QUALS_ASNDISC::strain (all present, all unique)
DiscRep_SUB:DISC_SOURCE_QUALS_ASNDISC::1 sources have unique values for strain
DiscRep_ALL:DISC_SOURCE_QUALS_ASNDISC::taxname (all present, all unique)
DiscRep_SUB:DISC_SOURCE_QUALS_ASNDISC::1 sources have unique values for taxname
DiscRep_ALL:DISC_FEATURE_COUNT::CDS: 9 present
DiscRep_ALL:DISC_COUNT_NUCLEOTIDES::1 nucleotide Bioseqs are present
PROKKA_10032023/PROKKA_10032023:NODE_1_length_29907_cov_150.822528 (length 29907)

DiscRep_ALL:FEATURE_LOCATION_CONFLICT::9 features have inconsistent gene locations.
DiscRep_SUB:FEATURE_LOCATION_CONFLICT::Coding region xref gene does not exist
PROKKA_10032023/PROKKA_10032023:CDS	hypothetical protein	NODE_1_length_29907_cov_150.822528:c1629-370	JJICAIEL_00001

DiscRep_SUB:FEATURE_LOCATION_CONFLICT::Coding region xref gene does not exist
PROKKA_10032023/PROKKA_10032023:CDS	hypothetical protein	NODE_1_length_29907_cov_150.822528:c2009-1644	JJICAIEL_00002

DiscRep_SUB:FEATURE_LOCATION_CONFLICT::Coding region xref gene does not exist
PROKKA_10032023/PROKKA_10032023:CDS	hypothetical protein	NODE_1_length_29907_cov_150.822528:c2509-2144	JJICAIEL_00003

DiscRep_SUB:FEATURE_LOCATION_CONFLICT::Coding region xref gene does not exist
PROKKA_10032023/PROKKA_10032023:CDS	hypothetical protein	NODE_1_length_29907_cov_150.822528:c2701-2516	JJICAIEL_00004

DiscRep_SUB:FEATURE_LOCATION_CONFLICT::Coding region xref gene does not exist
PROKKA_10032023/PROKKA_10032023:CDS	hypothetical protein	NODE_1_length_29907_cov_150.822528:c3380-2712	JJICAIEL_00005

DiscRep_SUB:FEATURE_LOCATION_CONFLICT::Coding region xref gene does not exist
PROKKA_10032023/PROKKA_10032023:CDS	hypothetical protein	NODE_1_length_29907_cov_150.822528:c4510-3683	JJICAIEL_00006

DiscRep_SUB:FEATURE_LOCATION_CONFLICT::Coding region xref gene does not exist
PROKKA_10032023/PROKKA_10032023:CDS	hypothetical protein	NODE_1_length_29907_cov_150.822528:c8340-4519	JJICAIEL_00007

DiscRep_SUB:FEATURE_LOCATION_CONFLICT::Coding region xref gene does not exist
PROKKA_10032023/PROKKA_10032023:CDS	hypothetical protein	NODE_1_length_29907_cov_150.822528:c16135-8348	JJICAIEL_00008

DiscRep_SUB:FEATURE_LOCATION_CONFLICT::Coding region xref gene does not exist
PROKKA_10032023/PROKKA_10032023:CDS	O-acetyl-ADP-ribose deacetylase	NODE_1_length_29907_cov_150.822528:c29637-16420	JJICAIEL_00009

DiscRep_ALL:DISC_QUALITY_SCORES::Quality scores are missing on all sequences.

DiscRep_ALL:ONCALLER_COMMENT_PRESENT::1 comment descriptors were found (all same)
PROKKA_10032023/PROKKA_10032023:NODE_1_length_29907_cov_150.822528:Annotated using prokka 1.14.6 from https://github.com/tseemann/prokka

DiscRep_ALL:MISSING_GENOMEASSEMBLY_COMMENTS::1 bioseqs are missing GenomeAssembly structured comments
PROKKA_10032023/PROKKA_10032023:NODE_1_length_29907_cov_150.822528 (length 29907)

DiscRep_ALL:MOLTYPE_NOT_MRNA::1 molecule types are not set as mRNA.
PROKKA_10032023/PROKKA_10032023:NODE_1_length_29907_cov_150.822528 (length 29907)

DiscRep_ALL:TECHNIQUE_NOT_TSA::1 technique are not set as TSA
PROKKA_10032023/PROKKA_10032023:NODE_1_length_29907_cov_150.822528 (length 29907)

DiscRep_ALL:MISSING_STRUCTURED_COMMENT::1 sequences do not include structured comments.
PROKKA_10032023/PROKKA_10032023:NODE_1_length_29907_cov_150.822528 (length 29907)

DiscRep_ALL:MISSING_PROJECT::10 sequences do not include project.
PROKKA_10032023/PROKKA_10032023:NODE_1_length_29907_cov_150.822528 (length 29907)
PROKKA_10032023/PROKKA_10032023:NODE_1_length_29907_cov_150.822528_1 (length 419)
PROKKA_10032023/PROKKA_10032023:NODE_1_length_29907_cov_150.822528_2 (length 121)
PROKKA_10032023/PROKKA_10032023:NODE_1_length_29907_cov_150.822528_3 (length 121)
PROKKA_10032023/PROKKA_10032023:NODE_1_length_29907_cov_150.822528_4 (length 61)
PROKKA_10032023/PROKKA_10032023:NODE_1_length_29907_cov_150.822528_5 (length 222)
PROKKA_10032023/PROKKA_10032023:NODE_1_length_29907_cov_150.822528_6 (length 275)
PROKKA_10032023/PROKKA_10032023:NODE_1_length_29907_cov_150.822528_7 (length 1273)
PROKKA_10032023/PROKKA_10032023:NODE_1_length_29907_cov_150.822528_8 (length 2595)
PROKKA_10032023/PROKKA_10032023:NODE_1_length_29907_cov_150.822528_9 (length 4405)

DiscRep_ALL:DISC_INCONSISTENT_MOLINFO_TECH::Molinfo Technique Report (some missing, all same)
DiscRep_SUB:DISC_INCONSISTENT_MOLINFO_TECH::technique (all missing)
DiscRep_SUB:DISC_INCONSISTENT_MOLINFO_TECH::1 Molinfos are missing field technique
PROKKA_10032023/PROKKA_10032023:NODE_1_length_29907_cov_150.822528 (length 29907)

DiscRep_ALL:SEQ_ID_PHRASES::Sequence Ids contain unacceptable phrases (cov_, length, node, paired, or trimmed)

