Discrepancy Report Results

Summary
DISC_PROTEIN_NAMES:All proteins have same name "hypothetical protein"
FATAL: MISSING_PROTEIN_ID:8 proteins have invalid IDs.
DISC_SOURCE_QUALS_ASNDISC:strain (all present, all unique)
DISC_SOURCE_QUALS_ASNDISC:taxname (all present, all unique)
DISC_FEATURE_COUNT:CDS: 8 present
DISC_COUNT_NUCLEOTIDES:1 nucleotide Bioseqs are present
FEATURE_LOCATION_CONFLICT:8 features have inconsistent gene locations.
DISC_QUALITY_SCORES:Quality scores are missing on all sequences.
ONCALLER_COMMENT_PRESENT:1 comment descriptors were found (all same)
SHORT_PROT_SEQUENCES:1 protein sequences are shorter than 50 aa.
MISSING_GENOMEASSEMBLY_COMMENTS:1 bioseqs are missing GenomeAssembly structured comments
MOLTYPE_NOT_MRNA:1 molecule types are not set as mRNA.
TECHNIQUE_NOT_TSA:1 technique are not set as TSA
MISSING_STRUCTURED_COMMENT:1 sequences do not include structured comments.
MISSING_PROJECT:9 sequences do not include project.
DISC_INCONSISTENT_MOLINFO_TECH:Molinfo Technique Report (some missing, all same)
SEQ_ID_PHRASES:Sequence Ids contain unacceptable phrases (cov_, length, node, paired, or trimmed)


Detailed Report

DiscRep_ALL:DISC_PROTEIN_NAMES::All proteins have same name "hypothetical protein"

FATAL: DiscRep_ALL:MISSING_PROTEIN_ID::8 proteins have invalid IDs.
результаты_аннотации/PROKKA_10012023:NODE_3_length_5584_cov_13759.613946_1 (length 185)
результаты_аннотации/PROKKA_10012023:NODE_3_length_5584_cov_13759.613946_2 (length 38)
результаты_аннотации/PROKKA_10012023:NODE_3_length_5584_cov_13759.613946_3 (length 152)
результаты_аннотации/PROKKA_10012023:NODE_3_length_5584_cov_13759.613946_4 (length 86)
результаты_аннотации/PROKKA_10012023:NODE_3_length_5584_cov_13759.613946_5 (length 513)
результаты_аннотации/PROKKA_10012023:NODE_3_length_5584_cov_13759.613946_6 (length 328)
результаты_аннотации/PROKKA_10012023:NODE_3_length_5584_cov_13759.613946_7 (length 175)
результаты_аннотации/PROKKA_10012023:NODE_3_length_5584_cov_13759.613946_8 (length 97)

DiscRep_ALL:DISC_SOURCE_QUALS_ASNDISC::strain (all present, all unique)
DiscRep_SUB:DISC_SOURCE_QUALS_ASNDISC::1 sources have unique values for strain
DiscRep_ALL:DISC_SOURCE_QUALS_ASNDISC::taxname (all present, all unique)
DiscRep_SUB:DISC_SOURCE_QUALS_ASNDISC::1 sources have unique values for taxname
DiscRep_ALL:DISC_FEATURE_COUNT::CDS: 8 present
DiscRep_ALL:DISC_COUNT_NUCLEOTIDES::1 nucleotide Bioseqs are present
результаты_аннотации/PROKKA_10012023:NODE_3_length_5584_cov_13759.613946 (length 5584)

DiscRep_ALL:FEATURE_LOCATION_CONFLICT::8 features have inconsistent gene locations.
DiscRep_SUB:FEATURE_LOCATION_CONFLICT::Coding region xref gene does not exist
результаты_аннотации/PROKKA_10012023:CDS	hypothetical protein	NODE_3_length_5584_cov_13759.613946:456-1013	NNEMONAP_00001

DiscRep_SUB:FEATURE_LOCATION_CONFLICT::Coding region xref gene does not exist
результаты_аннотации/PROKKA_10012023:CDS	hypothetical protein	NODE_3_length_5584_cov_13759.613946:c1259-1143	NNEMONAP_00002

DiscRep_SUB:FEATURE_LOCATION_CONFLICT::Coding region xref gene does not exist
результаты_аннотации/PROKKA_10012023:CDS	hypothetical protein	NODE_3_length_5584_cov_13759.613946:c1717-1259	NNEMONAP_00003

DiscRep_SUB:FEATURE_LOCATION_CONFLICT::Coding region xref gene does not exist
результаты_аннотации/PROKKA_10012023:CDS	hypothetical protein	NODE_3_length_5584_cov_13759.613946:c1974-1714	NNEMONAP_00004

DiscRep_SUB:FEATURE_LOCATION_CONFLICT::Coding region xref gene does not exist
результаты_аннотации/PROKKA_10012023:CDS	hypothetical protein	NODE_3_length_5584_cov_13759.613946:c3512-1971	NNEMONAP_00005

DiscRep_SUB:FEATURE_LOCATION_CONFLICT::Coding region xref gene does not exist
результаты_аннотации/PROKKA_10012023:CDS	hypothetical protein	NODE_3_length_5584_cov_13759.613946:c4562-3576	NNEMONAP_00006

DiscRep_SUB:FEATURE_LOCATION_CONFLICT::Coding region xref gene does not exist
результаты_аннотации/PROKKA_10012023:CDS	hypothetical protein	NODE_3_length_5584_cov_13759.613946:c5098-4571	NNEMONAP_00007

DiscRep_SUB:FEATURE_LOCATION_CONFLICT::Coding region xref gene does not exist
результаты_аннотации/PROKKA_10012023:CDS	hypothetical protein	NODE_3_length_5584_cov_13759.613946:c5502-5209	NNEMONAP_00008

DiscRep_ALL:DISC_QUALITY_SCORES::Quality scores are missing on all sequences.

DiscRep_ALL:ONCALLER_COMMENT_PRESENT::1 comment descriptors were found (all same)
результаты_аннотации/PROKKA_10012023:NODE_3_length_5584_cov_13759.613946:Annotated using prokka 1.14.6 from https://github.com/tseemann/prokka

DiscRep_ALL:SHORT_PROT_SEQUENCES::1 protein sequences are shorter than 50 aa.
результаты_аннотации/PROKKA_10012023:NODE_3_length_5584_cov_13759.613946_2 (length 38)

DiscRep_ALL:MISSING_GENOMEASSEMBLY_COMMENTS::1 bioseqs are missing GenomeAssembly structured comments
результаты_аннотации/PROKKA_10012023:NODE_3_length_5584_cov_13759.613946 (length 5584)

DiscRep_ALL:MOLTYPE_NOT_MRNA::1 molecule types are not set as mRNA.
результаты_аннотации/PROKKA_10012023:NODE_3_length_5584_cov_13759.613946 (length 5584)

DiscRep_ALL:TECHNIQUE_NOT_TSA::1 technique are not set as TSA
результаты_аннотации/PROKKA_10012023:NODE_3_length_5584_cov_13759.613946 (length 5584)

DiscRep_ALL:MISSING_STRUCTURED_COMMENT::1 sequences do not include structured comments.
результаты_аннотации/PROKKA_10012023:NODE_3_length_5584_cov_13759.613946 (length 5584)

DiscRep_ALL:MISSING_PROJECT::9 sequences do not include project.
результаты_аннотации/PROKKA_10012023:NODE_3_length_5584_cov_13759.613946 (length 5584)
результаты_аннотации/PROKKA_10012023:NODE_3_length_5584_cov_13759.613946_1 (length 185)
результаты_аннотации/PROKKA_10012023:NODE_3_length_5584_cov_13759.613946_2 (length 38)
результаты_аннотации/PROKKA_10012023:NODE_3_length_5584_cov_13759.613946_3 (length 152)
результаты_аннотации/PROKKA_10012023:NODE_3_length_5584_cov_13759.613946_4 (length 86)
результаты_аннотации/PROKKA_10012023:NODE_3_length_5584_cov_13759.613946_5 (length 513)
результаты_аннотации/PROKKA_10012023:NODE_3_length_5584_cov_13759.613946_6 (length 328)
результаты_аннотации/PROKKA_10012023:NODE_3_length_5584_cov_13759.613946_7 (length 175)
результаты_аннотации/PROKKA_10012023:NODE_3_length_5584_cov_13759.613946_8 (length 97)

DiscRep_ALL:DISC_INCONSISTENT_MOLINFO_TECH::Molinfo Technique Report (some missing, all same)
DiscRep_SUB:DISC_INCONSISTENT_MOLINFO_TECH::technique (all missing)
DiscRep_SUB:DISC_INCONSISTENT_MOLINFO_TECH::1 Molinfos are missing field technique
результаты_аннотации/PROKKA_10012023:NODE_3_length_5584_cov_13759.613946 (length 5584)

DiscRep_ALL:SEQ_ID_PHRASES::Sequence Ids contain unacceptable phrases (cov_, length, node, paired, or trimmed)

